# JRE version: OpenJDK Runtime Environment (15.0+36) (build 15+36-1562)
# Java VM: OpenJDK 64-Bit Server VM (15+36-1562, mixed mode, tiered, compressed oops, g1 gc, windows-amd64)
GC Precious Log:
 CPUs: 8 total, 8 available
 Memory: 16126M
 Large Page Support: Disabled
 NUMA Support: Disabled
 Compressed Oops: Enabled (Zero based)
 Heap Region Size: 2M
 Heap Min Capacity: 8M
 Heap Initial Capacity: 252M
 Heap Max Capacity: 4032M
 Pre-touch: Disabled
 Parallel Workers: 8
 Concurrent Workers: 2
 Concurrent Refinement Workers: 8
 Periodic GC: Disabled
Heap:
 garbage-first heap   total 131072K, used 64255K [0x0000000704000000, 0x0000000800000000)
  region size 2048K, 5 young (10240K), 2 survivors (4096K)
 Metaspace       used 106325K, capacity 108994K, committed 109136K, reserved 1146880K
  class space    used 11912K, capacity 12794K, committed 12800K, reserved 1048576K
GC Heap History (20 events):
Event: 568.554 GC heap after
{Heap after GC invocations=117 (full 19):
 garbage-first heap   total 131072K, used 53341K [0x0000000704000000, 0x0000000800000000)
  region size 2048K, 2 young (4096K), 2 survivors (4096K)
 Metaspace       used 103906K, capacity 106488K, committed 106704K, reserved 1142784K
  class space    used 11768K, capacity 12620K, committed 12672K, reserved 1048576K
}
Event: 568.821 GC heap before
{Heap before GC invocations=117 (full 19):
 garbage-first heap   total 131072K, used 104541K [0x0000000704000000, 0x0000000800000000)
  region size 2048K, 27 young (55296K), 2 survivors (4096K)
 Metaspace       used 104141K, capacity 106712K, committed 106960K, reserved 1144832K
  class space    used 11784K, capacity 12652K, committed 12672K, reserved 1048576K
}
Event: 568.826 GC heap after
{Heap after GC invocations=118 (full 19):
 garbage-first heap   total 131072K, used 57092K [0x0000000704000000, 0x0000000800000000)
  region size 2048K, 4 young (8192K), 4 survivors (8192K)
 Metaspace       used 104141K, capacity 106712K, committed 106960K, reserved 1144832K
  class space    used 11784K, capacity 12652K, committed 12672K, reserved 1048576K
}
Event: 569.021 GC heap before
{Heap before GC invocations=118 (full 19):
 garbage-first heap   total 131072K, used 102148K [0x0000000704000000, 0x0000000800000000)
  region size 2048K, 26 young (53248K), 4 survivors (8192K)
 Metaspace       used 104354K, capacity 106916K, committed 106960K, reserved 1144832K
  class space    used 11796K, capacity 12654K, committed 12672K, reserved 1048576K
}
Event: 569.029 GC heap after
{Heap after GC invocations=119 (full 19):
 garbage-first heap   total 131072K, used 58856K [0x0000000704000000, 0x0000000800000000)
  region size 2048K, 4 young (8192K), 4 survivors (8192K)
 Metaspace       used 104354K, capacity 106916K, committed 106960K, reserved 1144832K
  class space    used 11796K, capacity 12654K, committed 12672K, reserved 1048576K
}
Event: 569.221 GC heap before
{Heap before GC invocations=119 (full 19):
 garbage-first heap   total 131072K, used 99816K [0x0000000704000000, 0x0000000800000000)
  region size 2048K, 24 young (49152K), 4 survivors (8192K)
 Metaspace       used 104569K, capacity 107140K, committed 107344K, reserved 1144832K
  class space    used 11809K, capacity 12686K, committed 12800K, reserved 1048576K
}
Event: 569.227 GC heap after
{Heap after GC invocations=120 (full 19):
 garbage-first heap   total 131072K, used 60954K [0x0000000704000000, 0x0000000800000000)
  region size 2048K, 2 young (4096K), 2 survivors (4096K)
 Metaspace       used 104569K, capacity 107140K, committed 107344K, reserved 1144832K
  class space    used 11809K, capacity 12686K, committed 12800K, reserved 1048576K
}
Event: 586.173 GC heap before
{Heap before GC invocations=121 (full 19):
 garbage-first heap   total 131072K, used 73242K [0x0000000704000000, 0x0000000800000000)
  region size 2048K, 10 young (20480K), 2 survivors (4096K)
 Metaspace       used 104920K, capacity 107530K, committed 107856K, reserved 1144832K
  class space    used 11822K, capacity 12688K, committed 12800K, reserved 1048576K
}
Event: 586.239 GC heap after
{Heap after GC invocations=122 (full 20):
 garbage-first heap   total 131072K, used 47929K [0x0000000704000000, 0x0000000800000000)
  region size 2048K, 0 young (0K), 0 survivors (0K)
 Metaspace       used 104917K, capacity 107524K, committed 107856K, reserved 1144832K
  class space    used 11821K, capacity 12686K, committed 12800K, reserved 1048576K
}
Event: 586.804 GC heap before
{Heap before GC invocations=122 (full 20):
 garbage-first heap   total 131072K, used 101177K [0x0000000704000000, 0x0000000800000000)
  region size 2048K, 27 young (55296K), 0 survivors (0K)
 Metaspace       used 105236K, capacity 107888K, committed 108112K, reserved 1144832K
  class space    used 11858K, capacity 12726K, committed 12800K, reserved 1048576K
}
Event: 586.809 GC heap after
{Heap after GC invocations=123 (full 20):
 garbage-first heap   total 131072K, used 50959K [0x0000000704000000, 0x0000000800000000)
  region size 2048K, 2 young (4096K), 2 survivors (4096K)
 Metaspace       used 105236K, capacity 107888K, committed 108112K, reserved 1144832K
  class space    used 11858K, capacity 12726K, committed 12800K, reserved 1048576K
}
Event: 587.021 GC heap before
{Heap before GC invocations=123 (full 20):
 garbage-first heap   total 131072K, used 100111K [0x0000000704000000, 0x0000000800000000)
  region size 2048K, 27 young (55296K), 2 survivors (4096K)
 Metaspace       used 105250K, capacity 107888K, committed 108112K, reserved 1144832K
  class space    used 11858K, capacity 12726K, committed 12800K, reserved 1048576K
}
Event: 587.026 GC heap after
{Heap after GC invocations=124 (full 20):
 garbage-first heap   total 131072K, used 51521K [0x0000000704000000, 0x0000000800000000)
  region size 2048K, 2 young (4096K), 2 survivors (4096K)
 Metaspace       used 105250K, capacity 107888K, committed 108112K, reserved 1144832K
  class space    used 11858K, capacity 12726K, committed 12800K, reserved 1048576K
}
Event: 587.287 GC heap before
{Heap before GC invocations=124 (full 20):
 garbage-first heap   total 131072K, used 102721K [0x0000000704000000, 0x0000000800000000)
  region size 2048K, 28 young (57344K), 2 survivors (4096K)
 Metaspace       used 105470K, capacity 108112K, committed 108368K, reserved 1144832K
  class space    used 11874K, capacity 12758K, committed 12800K, reserved 1048576K
}
Event: 587.293 GC heap after
{Heap after GC invocations=125 (full 20):
 garbage-first heap   total 131072K, used 54829K [0x0000000704000000, 0x0000000800000000)
  region size 2048K, 4 young (8192K), 4 survivors (8192K)
 Metaspace       used 105470K, capacity 108112K, committed 108368K, reserved 1144832K
  class space    used 11874K, capacity 12758K, committed 12800K, reserved 1048576K
}
Event: 587.506 GC heap before
{Heap before GC invocations=125 (full 20):
 garbage-first heap   total 131072K, used 101933K [0x0000000704000000, 0x0000000800000000)
  region size 2048K, 27 young (55296K), 4 survivors (8192K)
 Metaspace       used 105780K, capacity 108444K, committed 108624K, reserved 1144832K
  class space    used 11888K, capacity 12760K, committed 12800K, reserved 1048576K
}
Event: 587.512 GC heap after
{Heap after GC invocations=126 (full 20):
 garbage-first heap   total 131072K, used 57031K [0x0000000704000000, 0x0000000800000000)
  region size 2048K, 3 young (6144K), 3 survivors (6144K)
 Metaspace       used 105780K, capacity 108444K, committed 108624K, reserved 1144832K
  class space    used 11888K, capacity 12760K, committed 12800K, reserved 1048576K
}
Event: 595.702 GC heap before
{Heap before GC invocations=126 (full 20):
 garbage-first heap   total 131072K, used 102087K [0x0000000704000000, 0x0000000800000000)
  region size 2048K, 25 young (51200K), 3 survivors (6144K)
 Metaspace       used 106124K, capacity 108732K, committed 108880K, reserved 1144832K
  class space    used 11904K, capacity 12792K, committed 12800K, reserved 1048576K
}
Event: 595.709 GC heap after
{Heap after GC invocations=127 (full 20):
 garbage-first heap   total 131072K, used 58988K [0x0000000704000000, 0x0000000800000000)
  region size 2048K, 2 young (4096K), 2 survivors (4096K)
 Metaspace       used 106124K, capacity 108732K, committed 108880K, reserved 1144832K
  class space    used 11904K, capacity 12792K, committed 12800K, reserved 1048576K
}
Event: 596.452 GC heap before
{Heap before GC invocations=127 (full 20):
 garbage-first heap   total 131072K, used 63084K [0x0000000704000000, 0x0000000800000000)
  region size 2048K, 5 young (10240K), 2 survivors (4096K)
 Metaspace       used 106325K, capacity 108994K, committed 109136K, reserved 1146880K
  class space    used 11912K, capacity 12794K, committed 12800K, reserved 1048576K
}

